
*** Running vivado
    with args -log d_axi_gpio_0_0.vds -m64 -product Vivado -mode batch -messageDb vivado.pb -notrace -source d_axi_gpio_0_0.tcl


****** Vivado v2016.3 (64-bit)
  **** SW Build 1682563 on Mon Oct 10 19:07:27 MDT 2016
  **** IP Build 1681267 on Mon Oct 10 21:28:31 MDT 2016
    ** Copyright 1986-2016 Xilinx, Inc. All Rights Reserved.

source d_axi_gpio_0_0.tcl -notrace
Starting RTL Elaboration : Time (s): cpu = 00:00:06 ; elapsed = 00:00:06 . Memory (MB): peak = 358.410 ; gain = 147.258
INFO: [Synth 8-638] synthesizing module 'd_axi_gpio_0_0' [d:/Nora/cmod_a7_projects/microblaze_led/microblaze_led.srcs/sources_1/bd/d/ip/d_axi_gpio_0_0/synth/d_axi_gpio_0_0.vhd:87]
INFO: [Synth 8-638] synthesizing module 'axi_gpio' [d:/Nora/cmod_a7_projects/microblaze_led/microblaze_led.srcs/sources_1/bd/d/ipshared/475c/hdl/axi_gpio_v2_0_vh_rfs.vhd:1091]
INFO: [Synth 8-638] synthesizing module 'axi_lite_ipif' [d:/Nora/cmod_a7_projects/microblaze_led/microblaze_led.srcs/sources_1/bd/d/ipshared/0ba0/hdl/axi_lite_ipif_v3_0_vh_rfs.vhd:2948]
INFO: [Synth 8-638] synthesizing module 'slave_attachment' [d:/Nora/cmod_a7_projects/microblaze_led/microblaze_led.srcs/sources_1/bd/d/ipshared/0ba0/hdl/axi_lite_ipif_v3_0_vh_rfs.vhd:2341]
INFO: [Synth 8-638] synthesizing module 'address_decoder' [d:/Nora/cmod_a7_projects/microblaze_led/microblaze_led.srcs/sources_1/bd/d/ipshared/0ba0/hdl/axi_lite_ipif_v3_0_vh_rfs.vhd:1775]
INFO: [Synth 8-638] synthesizing module 'pselect_f' [d:/Nora/cmod_a7_projects/microblaze_led/microblaze_led.srcs/sources_1/bd/d/ipshared/0ba0/hdl/axi_lite_ipif_v3_0_vh_rfs.vhd:1534]
INFO: [Synth 8-256] done synthesizing module 'pselect_f' (1#1) [d:/Nora/cmod_a7_projects/microblaze_led/microblaze_led.srcs/sources_1/bd/d/ipshared/0ba0/hdl/axi_lite_ipif_v3_0_vh_rfs.vhd:1534]
INFO: [Synth 8-638] synthesizing module 'pselect_f__parameterized0' [d:/Nora/cmod_a7_projects/microblaze_led/microblaze_led.srcs/sources_1/bd/d/ipshared/0ba0/hdl/axi_lite_ipif_v3_0_vh_rfs.vhd:1534]
INFO: [Synth 8-256] done synthesizing module 'pselect_f__parameterized0' (1#1) [d:/Nora/cmod_a7_projects/microblaze_led/microblaze_led.srcs/sources_1/bd/d/ipshared/0ba0/hdl/axi_lite_ipif_v3_0_vh_rfs.vhd:1534]
INFO: [Synth 8-638] synthesizing module 'pselect_f__parameterized1' [d:/Nora/cmod_a7_projects/microblaze_led/microblaze_led.srcs/sources_1/bd/d/ipshared/0ba0/hdl/axi_lite_ipif_v3_0_vh_rfs.vhd:1534]
INFO: [Synth 8-256] done synthesizing module 'pselect_f__parameterized1' (1#1) [d:/Nora/cmod_a7_projects/microblaze_led/microblaze_led.srcs/sources_1/bd/d/ipshared/0ba0/hdl/axi_lite_ipif_v3_0_vh_rfs.vhd:1534]
INFO: [Synth 8-638] synthesizing module 'pselect_f__parameterized2' [d:/Nora/cmod_a7_projects/microblaze_led/microblaze_led.srcs/sources_1/bd/d/ipshared/0ba0/hdl/axi_lite_ipif_v3_0_vh_rfs.vhd:1534]
INFO: [Synth 8-256] done synthesizing module 'pselect_f__parameterized2' (1#1) [d:/Nora/cmod_a7_projects/microblaze_led/microblaze_led.srcs/sources_1/bd/d/ipshared/0ba0/hdl/axi_lite_ipif_v3_0_vh_rfs.vhd:1534]
INFO: [Synth 8-256] done synthesizing module 'address_decoder' (2#1) [d:/Nora/cmod_a7_projects/microblaze_led/microblaze_led.srcs/sources_1/bd/d/ipshared/0ba0/hdl/axi_lite_ipif_v3_0_vh_rfs.vhd:1775]
INFO: [Synth 8-256] done synthesizing module 'slave_attachment' (3#1) [d:/Nora/cmod_a7_projects/microblaze_led/microblaze_led.srcs/sources_1/bd/d/ipshared/0ba0/hdl/axi_lite_ipif_v3_0_vh_rfs.vhd:2341]
INFO: [Synth 8-256] done synthesizing module 'axi_lite_ipif' (4#1) [d:/Nora/cmod_a7_projects/microblaze_led/microblaze_led.srcs/sources_1/bd/d/ipshared/0ba0/hdl/axi_lite_ipif_v3_0_vh_rfs.vhd:2948]
INFO: [Synth 8-638] synthesizing module 'GPIO_Core' [d:/Nora/cmod_a7_projects/microblaze_led/microblaze_led.srcs/sources_1/bd/d/ipshared/475c/hdl/axi_gpio_v2_0_vh_rfs.vhd:173]
INFO: [Synth 8-638] synthesizing module 'cdc_sync' [d:/Nora/cmod_a7_projects/microblaze_led/microblaze_led.srcs/sources_1/bd/d/ipshared/52cb/hdl/lib_cdc_v1_0_rfs.vhd:106]
INFO: [Synth 8-256] done synthesizing module 'cdc_sync' (5#1) [d:/Nora/cmod_a7_projects/microblaze_led/microblaze_led.srcs/sources_1/bd/d/ipshared/52cb/hdl/lib_cdc_v1_0_rfs.vhd:106]
INFO: [Synth 8-638] synthesizing module 'cdc_sync__parameterized0' [d:/Nora/cmod_a7_projects/microblaze_led/microblaze_led.srcs/sources_1/bd/d/ipshared/52cb/hdl/lib_cdc_v1_0_rfs.vhd:106]
INFO: [Synth 8-256] done synthesizing module 'cdc_sync__parameterized0' (5#1) [d:/Nora/cmod_a7_projects/microblaze_led/microblaze_led.srcs/sources_1/bd/d/ipshared/52cb/hdl/lib_cdc_v1_0_rfs.vhd:106]
INFO: [Synth 8-256] done synthesizing module 'GPIO_Core' (6#1) [d:/Nora/cmod_a7_projects/microblaze_led/microblaze_led.srcs/sources_1/bd/d/ipshared/475c/hdl/axi_gpio_v2_0_vh_rfs.vhd:173]
INFO: [Synth 8-256] done synthesizing module 'axi_gpio' (7#1) [d:/Nora/cmod_a7_projects/microblaze_led/microblaze_led.srcs/sources_1/bd/d/ipshared/475c/hdl/axi_gpio_v2_0_vh_rfs.vhd:1091]
INFO: [Synth 8-256] done synthesizing module 'd_axi_gpio_0_0' (8#1) [d:/Nora/cmod_a7_projects/microblaze_led/microblaze_led.srcs/sources_1/bd/d/ip/d_axi_gpio_0_0/synth/d_axi_gpio_0_0.vhd:87]
Finished RTL Elaboration : Time (s): cpu = 00:00:07 ; elapsed = 00:00:06 . Memory (MB): peak = 397.750 ; gain = 186.598
Finished RTL Optimization Phase 1 : Time (s): cpu = 00:00:07 ; elapsed = 00:00:07 . Memory (MB): peak = 397.750 ; gain = 186.598
INFO: [Device 21-403] Loading part xc7a15tcpg236-1
Constraint Validation Runtime : Time (s): cpu = 00:00:00 ; elapsed = 00:00:00.015 . Memory (MB): peak = 689.879 ; gain = 0.000
Finished Constraint Validation : Time (s): cpu = 00:00:12 ; elapsed = 00:00:12 . Memory (MB): peak = 689.879 ; gain = 478.727
Finished Loading Part and Timing Information : Time (s): cpu = 00:00:12 ; elapsed = 00:00:12 . Memory (MB): peak = 689.879 ; gain = 478.727
Finished applying 'set_property' XDC Constraints : Time (s): cpu = 00:00:12 ; elapsed = 00:00:12 . Memory (MB): peak = 689.879 ; gain = 478.727
Finished RTL Optimization Phase 2 : Time (s): cpu = 00:00:13 ; elapsed = 00:00:13 . Memory (MB): peak = 689.879 ; gain = 478.727
Finished Cross Boundary and Area Optimization : Time (s): cpu = 00:00:13 ; elapsed = 00:00:13 . Memory (MB): peak = 689.879 ; gain = 478.727
Finished Applying XDC Timing Constraints : Time (s): cpu = 00:00:20 ; elapsed = 00:00:20 . Memory (MB): peak = 689.879 ; gain = 478.727
Finished Timing Optimization : Time (s): cpu = 00:00:20 ; elapsed = 00:00:20 . Memory (MB): peak = 689.879 ; gain = 478.727
Finished Technology Mapping : Time (s): cpu = 00:00:20 ; elapsed = 00:00:20 . Memory (MB): peak = 689.879 ; gain = 478.727
Finished IO Insertion : Time (s): cpu = 00:00:20 ; elapsed = 00:00:20 . Memory (MB): peak = 689.879 ; gain = 478.727
Finished Renaming Generated Instances : Time (s): cpu = 00:00:20 ; elapsed = 00:00:20 . Memory (MB): peak = 689.879 ; gain = 478.727
Finished Rebuilding User Hierarchy : Time (s): cpu = 00:00:20 ; elapsed = 00:00:20 . Memory (MB): peak = 689.879 ; gain = 478.727
Finished Renaming Generated Ports : Time (s): cpu = 00:00:20 ; elapsed = 00:00:20 . Memory (MB): peak = 689.879 ; gain = 478.727
Finished Handling Custom Attributes : Time (s): cpu = 00:00:20 ; elapsed = 00:00:20 . Memory (MB): peak = 689.879 ; gain = 478.727
Finished Renaming Generated Nets : Time (s): cpu = 00:00:20 ; elapsed = 00:00:20 . Memory (MB): peak = 689.879 ; gain = 478.727

Report Cell Usage: 
+------+-----+------+
|      |Cell |Count |
+------+-----+------+
|1     |LUT1 |     2|
|2     |LUT2 |     6|
|3     |LUT3 |     4|
|4     |LUT4 |     9|
|5     |LUT5 |    20|
|6     |LUT6 |    11|
|7     |FDR  |    16|
|8     |FDRE |    39|
|9     |FDSE |     4|
+------+-----+------+
Finished Writing Synthesis Report : Time (s): cpu = 00:00:20 ; elapsed = 00:00:20 . Memory (MB): peak = 689.879 ; gain = 478.727
synth_design: Time (s): cpu = 00:00:17 ; elapsed = 00:00:18 . Memory (MB): peak = 689.879 ; gain = 416.043
