
*** Running vivado
    with args -log d_clk_wiz_0_0.vds -m64 -product Vivado -mode batch -messageDb vivado.pb -notrace -source d_clk_wiz_0_0.tcl


****** Vivado v2016.3 (64-bit)
  **** SW Build 1682563 on Mon Oct 10 19:07:27 MDT 2016
  **** IP Build 1681267 on Mon Oct 10 21:28:31 MDT 2016
    ** Copyright 1986-2016 Xilinx, Inc. All Rights Reserved.

source d_clk_wiz_0_0.tcl -notrace
Starting RTL Elaboration : Time (s): cpu = 00:00:05 ; elapsed = 00:00:05 . Memory (MB): peak = 350.172 ; gain = 139.832
INFO: [Synth 8-638] synthesizing module 'd_clk_wiz_0_0' [d:/Nora/cmod_a7_projects/microblaze_led/microblaze_led.srcs/sources_1/bd/d/ip/d_clk_wiz_0_0/d_clk_wiz_0_0.v:70]
INFO: [Synth 8-638] synthesizing module 'd_clk_wiz_0_0_clk_wiz' [d:/Nora/cmod_a7_projects/microblaze_led/microblaze_led.srcs/sources_1/bd/d/ip/d_clk_wiz_0_0/d_clk_wiz_0_0_clk_wiz.v:68]
INFO: [Synth 8-638] synthesizing module 'IBUF' [D:/Vivado/2016.3/scripts/rt/data/unisim_comp.v:14146]
INFO: [Synth 8-256] done synthesizing module 'IBUF' (1#1) [D:/Vivado/2016.3/scripts/rt/data/unisim_comp.v:14146]
INFO: [Synth 8-638] synthesizing module 'MMCME2_ADV' [D:/Vivado/2016.3/scripts/rt/data/unisim_comp.v:20414]
INFO: [Synth 8-256] done synthesizing module 'MMCME2_ADV' (2#1) [D:/Vivado/2016.3/scripts/rt/data/unisim_comp.v:20414]
INFO: [Synth 8-638] synthesizing module 'BUFG' [D:/Vivado/2016.3/scripts/rt/data/unisim_comp.v:607]
INFO: [Synth 8-256] done synthesizing module 'BUFG' (3#1) [D:/Vivado/2016.3/scripts/rt/data/unisim_comp.v:607]
INFO: [Synth 8-256] done synthesizing module 'd_clk_wiz_0_0_clk_wiz' (4#1) [d:/Nora/cmod_a7_projects/microblaze_led/microblaze_led.srcs/sources_1/bd/d/ip/d_clk_wiz_0_0/d_clk_wiz_0_0_clk_wiz.v:68]
INFO: [Synth 8-256] done synthesizing module 'd_clk_wiz_0_0' (5#1) [d:/Nora/cmod_a7_projects/microblaze_led/microblaze_led.srcs/sources_1/bd/d/ip/d_clk_wiz_0_0/d_clk_wiz_0_0.v:70]
Finished RTL Elaboration : Time (s): cpu = 00:00:06 ; elapsed = 00:00:06 . Memory (MB): peak = 387.777 ; gain = 177.438
Finished RTL Optimization Phase 1 : Time (s): cpu = 00:00:06 ; elapsed = 00:00:06 . Memory (MB): peak = 387.777 ; gain = 177.438
INFO: [Device 21-403] Loading part xc7a15tcpg236-1
Constraint Validation Runtime : Time (s): cpu = 00:00:00 ; elapsed = 00:00:00.006 . Memory (MB): peak = 596.289 ; gain = 0.000
Finished Constraint Validation : Time (s): cpu = 00:00:11 ; elapsed = 00:00:12 . Memory (MB): peak = 596.289 ; gain = 385.949
Finished Loading Part and Timing Information : Time (s): cpu = 00:00:11 ; elapsed = 00:00:12 . Memory (MB): peak = 596.289 ; gain = 385.949
Finished applying 'set_property' XDC Constraints : Time (s): cpu = 00:00:11 ; elapsed = 00:00:12 . Memory (MB): peak = 596.289 ; gain = 385.949
Finished RTL Optimization Phase 2 : Time (s): cpu = 00:00:11 ; elapsed = 00:00:12 . Memory (MB): peak = 596.289 ; gain = 385.949
Finished Cross Boundary and Area Optimization : Time (s): cpu = 00:00:12 ; elapsed = 00:00:12 . Memory (MB): peak = 596.289 ; gain = 385.949
Finished Applying XDC Timing Constraints : Time (s): cpu = 00:00:18 ; elapsed = 00:00:18 . Memory (MB): peak = 613.184 ; gain = 402.844
Finished Timing Optimization : Time (s): cpu = 00:00:18 ; elapsed = 00:00:18 . Memory (MB): peak = 613.184 ; gain = 402.844
Finished Technology Mapping : Time (s): cpu = 00:00:18 ; elapsed = 00:00:18 . Memory (MB): peak = 622.789 ; gain = 412.449
Finished IO Insertion : Time (s): cpu = 00:00:19 ; elapsed = 00:00:19 . Memory (MB): peak = 622.789 ; gain = 412.449
Finished Renaming Generated Instances : Time (s): cpu = 00:00:19 ; elapsed = 00:00:19 . Memory (MB): peak = 622.789 ; gain = 412.449
Finished Rebuilding User Hierarchy : Time (s): cpu = 00:00:19 ; elapsed = 00:00:19 . Memory (MB): peak = 622.789 ; gain = 412.449
Finished Renaming Generated Ports : Time (s): cpu = 00:00:19 ; elapsed = 00:00:19 . Memory (MB): peak = 622.789 ; gain = 412.449
Finished Handling Custom Attributes : Time (s): cpu = 00:00:19 ; elapsed = 00:00:19 . Memory (MB): peak = 622.789 ; gain = 412.449
Finished Renaming Generated Nets : Time (s): cpu = 00:00:19 ; elapsed = 00:00:19 . Memory (MB): peak = 622.789 ; gain = 412.449

Report Cell Usage: 
+------+-----------+------+
|      |Cell       |Count |
+------+-----------+------+
|1     |BUFG       |     2|
|2     |MMCME2_ADV |     1|
|3     |IBUF       |     1|
+------+-----------+------+
Finished Writing Synthesis Report : Time (s): cpu = 00:00:19 ; elapsed = 00:00:19 . Memory (MB): peak = 622.789 ; gain = 412.449
synth_design: Time (s): cpu = 00:00:18 ; elapsed = 00:00:18 . Memory (MB): peak = 1003.012 ; gain = 732.859
