
*** Running vivado
    with args -log d_microblaze_0_0.vds -m64 -product Vivado -mode batch -messageDb vivado.pb -notrace -source d_microblaze_0_0.tcl


****** Vivado v2016.3 (64-bit)
  **** SW Build 1682563 on Mon Oct 10 19:07:27 MDT 2016
  **** IP Build 1681267 on Mon Oct 10 21:28:31 MDT 2016
    ** Copyright 1986-2016 Xilinx, Inc. All Rights Reserved.

source d_microblaze_0_0.tcl -notrace
Starting RTL Elaboration : Time (s): cpu = 00:00:06 ; elapsed = 00:00:07 . Memory (MB): peak = 354.875 ; gain = 144.602
INFO: [Synth 8-638] synthesizing module 'd_microblaze_0_0' [d:/Nora/cmod_a7_projects/microblaze_led/microblaze_led.srcs/sources_1/bd/d/ip/d_microblaze_0_0/synth/d_microblaze_0_0.vhd:190]
INFO: [Synth 8-256] done synthesizing module 'd_microblaze_0_0' (63#1) [d:/Nora/cmod_a7_projects/microblaze_led/microblaze_led.srcs/sources_1/bd/d/ip/d_microblaze_0_0/synth/d_microblaze_0_0.vhd:190]
Finished RTL Elaboration : Time (s): cpu = 00:00:14 ; elapsed = 00:00:14 . Memory (MB): peak = 552.746 ; gain = 342.473
Finished RTL Optimization Phase 1 : Time (s): cpu = 00:00:14 ; elapsed = 00:00:15 . Memory (MB): peak = 552.746 ; gain = 342.473
INFO: [Device 21-403] Loading part xc7a15tcpg236-1
Constraint Validation Runtime : Time (s): cpu = 00:00:01 ; elapsed = 00:00:00.310 . Memory (MB): peak = 783.070 ; gain = 1.117
Finished Constraint Validation : Time (s): cpu = 00:00:23 ; elapsed = 00:00:24 . Memory (MB): peak = 783.070 ; gain = 572.797
Finished Loading Part and Timing Information : Time (s): cpu = 00:00:23 ; elapsed = 00:00:24 . Memory (MB): peak = 783.070 ; gain = 572.797
Finished applying 'set_property' XDC Constraints : Time (s): cpu = 00:00:23 ; elapsed = 00:00:24 . Memory (MB): peak = 783.070 ; gain = 572.797
Finished RTL Optimization Phase 2 : Time (s): cpu = 00:00:27 ; elapsed = 00:00:28 . Memory (MB): peak = 783.070 ; gain = 572.797
Finished Cross Boundary and Area Optimization : Time (s): cpu = 00:00:43 ; elapsed = 00:00:45 . Memory (MB): peak = 783.070 ; gain = 572.797
Finished Applying XDC Timing Constraints : Time (s): cpu = 00:00:50 ; elapsed = 00:00:51 . Memory (MB): peak = 783.070 ; gain = 572.797
Finished Timing Optimization : Time (s): cpu = 00:00:52 ; elapsed = 00:00:53 . Memory (MB): peak = 783.070 ; gain = 572.797
Finished Technology Mapping : Time (s): cpu = 00:00:54 ; elapsed = 00:00:55 . Memory (MB): peak = 783.070 ; gain = 572.797
Finished IO Insertion : Time (s): cpu = 00:00:55 ; elapsed = 00:00:56 . Memory (MB): peak = 783.070 ; gain = 572.797
Finished Renaming Generated Instances : Time (s): cpu = 00:00:55 ; elapsed = 00:00:56 . Memory (MB): peak = 783.070 ; gain = 572.797
Finished Rebuilding User Hierarchy : Time (s): cpu = 00:00:55 ; elapsed = 00:00:56 . Memory (MB): peak = 783.070 ; gain = 572.797
Finished Renaming Generated Ports : Time (s): cpu = 00:00:55 ; elapsed = 00:00:56 . Memory (MB): peak = 783.070 ; gain = 572.797
Finished Handling Custom Attributes : Time (s): cpu = 00:00:55 ; elapsed = 00:00:57 . Memory (MB): peak = 783.070 ; gain = 572.797
Finished Renaming Generated Nets : Time (s): cpu = 00:00:55 ; elapsed = 00:00:57 . Memory (MB): peak = 783.070 ; gain = 572.797

Report Cell Usage: 
+------+-----------+------+
|      |Cell       |Count |
+------+-----------+------+
|1     |AND2B1L    |     4|
|2     |CARRY4     |     1|
|3     |LUT1       |    34|
|4     |LUT2       |    93|
|5     |LUT3       |   333|
|6     |LUT4       |   175|
|7     |LUT5       |   333|
|8     |LUT6       |   512|
|9     |LUT6_2     |    64|
|10    |MULT_AND   |     1|
|11    |MUXCY_L    |   170|
|12    |MUXF7      |   120|
|13    |MUXF8      |     4|
|14    |RAM32M     |    16|
|15    |RAM32X1D   |    32|
|16    |RAMB36E1   |     2|
|17    |RAMB36E1_1 |     4|
|18    |SRL16E     |   170|
|19    |SRLC16E    |     8|
|20    |XORCY      |    94|
|21    |FDCE       |   143|
|22    |FDE        |    32|
|23    |FDR        |   123|
|24    |FDRE       |  1749|
|25    |FDS        |     1|
|26    |FDSE       |    60|
+------+-----------+------+
Finished Writing Synthesis Report : Time (s): cpu = 00:00:55 ; elapsed = 00:00:57 . Memory (MB): peak = 783.070 ; gain = 572.797
synth_design: Time (s): cpu = 00:00:57 ; elapsed = 00:00:58 . Memory (MB): peak = 1178.984 ; gain = 907.152
